<?xml version="1.0" encoding="UTF-8"?>
<testng-results ignored="0" total="1" passed="1" failed="0" skipped="0">
  <reporter-output>
  </reporter-output>
  <suite started-at="2022-05-23T01:56:54 PKT" name="Automation Test" finished-at="2022-05-23T01:57:39 PKT" duration-ms="45157">
    <groups>
    </groups>
    <test started-at="2022-05-23T01:56:54 PKT" name="Amazon Automation Test on Chrome" finished-at="2022-05-23T01:57:39 PKT" duration-ms="45157">
      <class name="com.automationTest.testCases.TC_Amazon_001">
        <test-method is-config="true" signature="Setup(java.lang.String)[pri:0, instance:com.automationTest.testCases.TC_Amazon_001@4d5650ae]" started-at="2022-05-23T01:56:54 PKT" name="Setup" finished-at="2022-05-23T01:57:04 PKT" duration-ms="9517" status="PASS">
          <params>
            <param index="0">
              <value>
                <![CDATA[Chrome]]>
              </value>
            </param>
          </params>
          <reporter-output>
          </reporter-output>
        </test-method> <!-- Setup -->
        <test-method signature="AmazonAutomationTest()[pri:0, instance:com.automationTest.testCases.TC_Amazon_001@4d5650ae]" started-at="2022-05-23T01:57:04 PKT" name="AmazonAutomationTest" finished-at="2022-05-23T01:57:38 PKT" duration-ms="34472" status="PASS">
          <reporter-output>
          </reporter-output>
        </test-method> <!-- AmazonAutomationTest -->
        <test-method is-config="true" signature="Tear_Down()[pri:0, instance:com.automationTest.testCases.TC_Amazon_001@4d5650ae]" started-at="2022-05-23T01:57:38 PKT" name="Tear_Down" finished-at="2022-05-23T01:57:39 PKT" duration-ms="522" status="PASS">
          <reporter-output>
          </reporter-output>
        </test-method> <!-- Tear_Down -->
      </class> <!-- com.automationTest.testCases.TC_Amazon_001 -->
    </test> <!-- Amazon Automation Test on Chrome -->
  </suite> <!-- Automation Test -->
</testng-results>
